2011.03.16 13:24 B F:\SREEKANTH\Manick sir\le consal bountiful\web\stcatherine\111\Thumbs.db --> ftp.leconsalbountifultrust.org /wwwroot/stcatherine/111 Thumbs.db
2011.03.16 13:24 B F:\SREEKANTH\Manick sir\le consal bountiful\web\stcatherine\111\Picture.coolpix-472s.jpg --> ftp.leconsalbountifultrust.org /wwwroot/stcatherine/111 Picture.coolpix-472s.jpg
2011.03.16 13:24 B F:\SREEKANTH\Manick sir\le consal bountiful\web\stcatherine\111\Picture.coolpix-472.jpg --> ftp.leconsalbountifultrust.org /wwwroot/stcatherine/111 Picture.coolpix-472.jpg
2011.03.16 13:24 B F:\SREEKANTH\Manick sir\le consal bountiful\web\stcatherine\111\P40s.jpg --> ftp.leconsalbountifultrust.org /wwwroot/stcatherine/111 P40s.jpg
2011.03.16 13:24 B F:\SREEKANTH\Manick sir\le consal bountiful\web\stcatherine\111\P40.jpg --> ftp.leconsalbountifultrust.org /wwwroot/stcatherine/111 P40.jpg
2011.03.16 13:24 B F:\SREEKANTH\Manick sir\le consal bountiful\web\stcatherine\111\P38s.jpg --> ftp.leconsalbountifultrust.org /wwwroot/stcatherine/111 P38s.jpg
2011.03.16 13:24 B F:\SREEKANTH\Manick sir\le consal bountiful\web\stcatherine\111\P38.jpg --> ftp.leconsalbountifultrust.org /wwwroot/stcatherine/111 P38.jpg
2011.03.16 13:24 B F:\SREEKANTH\Manick sir\le consal bountiful\web\stcatherine\111\P30s.jpg --> ftp.leconsalbountifultrust.org /wwwroot/stcatherine/111 P30s.jpg
2011.03.16 13:24 B F:\SREEKANTH\Manick sir\le consal bountiful\web\stcatherine\111\P30.jpg --> ftp.leconsalbountifultrust.org /wwwroot/stcatherine/111 P30.jpg
2011.03.16 13:24 B F:\SREEKANTH\Manick sir\le consal bountiful\web\stcatherine\111\P28s.jpg --> ftp.leconsalbountifultrust.org /wwwroot/stcatherine/111 P28s.jpg
2011.03.16 13:25 B F:\SREEKANTH\Manick sir\le consal bountiful\web\stcatherine\111\P28.jpg --> ftp.leconsalbountifultrust.org /wwwroot/stcatherine/111 P28.jpg
2011.03.16 13:25 B F:\SREEKANTH\Manick sir\le consal bountiful\web\stcatherine\111\P22s.jpg --> ftp.leconsalbountifultrust.org /wwwroot/stcatherine/111 P22s.jpg
2011.03.16 13:25 B F:\SREEKANTH\Manick sir\le consal bountiful\web\stcatherine\111\P22.jpg --> ftp.leconsalbountifultrust.org /wwwroot/stcatherine/111 P22.jpg
2011.03.16 13:25 B F:\SREEKANTH\Manick sir\le consal bountiful\web\stcatherine\111\P20s.jpg --> ftp.leconsalbountifultrust.org /wwwroot/stcatherine/111 P20s.jpg
2011.03.16 13:25 B F:\SREEKANTH\Manick sir\le consal bountiful\web\stcatherine\111\P20.jpg --> ftp.leconsalbountifultrust.org /wwwroot/stcatherine/111 P20.jpg
2011.03.16 13:25 B F:\SREEKANTH\Manick sir\le consal bountiful\web\stcatherine\111\P7s.jpg --> ftp.leconsalbountifultrust.org /wwwroot/stcatherine/111 P7s.jpg
2011.03.16 13:25 B F:\SREEKANTH\Manick sir\le consal bountiful\web\stcatherine\111\P7.jpg --> ftp.leconsalbountifultrust.org /wwwroot/stcatherine/111 P7.jpg
2011.03.16 13:25 B F:\SREEKANTH\Manick sir\le consal bountiful\web\stcatherine\111\IMG_5762s.jpg --> ftp.leconsalbountifultrust.org /wwwroot/stcatherine/111 IMG_5762s.jpg
2011.03.16 13:25 B F:\SREEKANTH\Manick sir\le consal bountiful\web\stcatherine\111\IMG_5762.jpg --> ftp.leconsalbountifultrust.org /wwwroot/stcatherine/111 IMG_5762.jpg
2011.03.16 13:25 B F:\SREEKANTH\Manick sir\le consal bountiful\web\stcatherine\111\IMG_5719s.jpg --> ftp.leconsalbountifultrust.org /wwwroot/stcatherine/111 IMG_5719s.jpg
2011.03.16 13:25 B F:\SREEKANTH\Manick sir\le consal bountiful\web\stcatherine\111\IMG_5719.jpg --> ftp.leconsalbountifultrust.org /wwwroot/stcatherine/111 IMG_5719.jpg
2011.03.16 13:25 B F:\SREEKANTH\Manick sir\le consal bountiful\web\stcatherine\111\IMG_5718s.jpg --> ftp.leconsalbountifultrust.org /wwwroot/stcatherine/111 IMG_5718s.jpg
2011.03.16 13:25 B F:\SREEKANTH\Manick sir\le consal bountiful\web\stcatherine\111\IMG_5718.jpg --> ftp.leconsalbountifultrust.org /wwwroot/stcatherine/111 IMG_5718.jpg
2011.03.16 13:25 B F:\SREEKANTH\Manick sir\le consal bountiful\web\stcatherine\111\DSCN2949s.jpg --> ftp.leconsalbountifultrust.org /wwwroot/stcatherine/111 DSCN2949s.jpg
2011.03.16 13:25 B F:\SREEKANTH\Manick sir\le consal bountiful\web\stcatherine\111\DSCN2949.jpg --> ftp.leconsalbountifultrust.org /wwwroot/stcatherine/111 DSCN2949.jpg
2011.03.16 13:25 B F:\SREEKANTH\Manick sir\le consal bountiful\web\stcatherine\111\DSCN2882s.jpg --> ftp.leconsalbountifultrust.org /wwwroot/stcatherine/111 DSCN2882s.jpg
2011.03.16 13:25 B F:\SREEKANTH\Manick sir\le consal bountiful\web\stcatherine\111\DSCN2882.jpg --> ftp.leconsalbountifultrust.org /wwwroot/stcatherine/111 DSCN2882.jpg
2011.03.16 13:25 B F:\SREEKANTH\Manick sir\le consal bountiful\web\stcatherine\111\DSCN2821s.jpg --> ftp.leconsalbountifultrust.org /wwwroot/stcatherine/111 DSCN2821s.jpg
2011.03.16 13:25 B F:\SREEKANTH\Manick sir\le consal bountiful\web\stcatherine\111\DSCN2821.jpg --> ftp.leconsalbountifultrust.org /wwwroot/stcatherine/111 DSCN2821.jpg
2011.03.16 13:25 B F:\SREEKANTH\Manick sir\le consal bountiful\web\stcatherine\111\DSCN2546s.jpg --> ftp.leconsalbountifultrust.org /wwwroot/stcatherine/111 DSCN2546s.jpg
2011.03.16 13:25 B F:\SREEKANTH\Manick sir\le consal bountiful\web\stcatherine\111\DSCN2546.jpg --> ftp.leconsalbountifultrust.org /wwwroot/stcatherine/111 DSCN2546.jpg
2011.03.16 13:25 B F:\SREEKANTH\Manick sir\le consal bountiful\web\stcatherine\111\DSCN2370s.jpg --> ftp.leconsalbountifultrust.org /wwwroot/stcatherine/111 DSCN2370s.jpg
2011.03.16 13:25 B F:\SREEKANTH\Manick sir\le consal bountiful\web\stcatherine\111\DSCN2370.jpg --> ftp.leconsalbountifultrust.org /wwwroot/stcatherine/111 DSCN2370.jpg
2011.03.16 13:25 B F:\SREEKANTH\Manick sir\le consal bountiful\web\stcatherine\111\DSCN2287s.jpg --> ftp.leconsalbountifultrust.org /wwwroot/stcatherine/111 DSCN2287s.jpg
2011.03.16 13:25 B F:\SREEKANTH\Manick sir\le consal bountiful\web\stcatherine\111\DSCN2287.jpg --> ftp.leconsalbountifultrust.org /wwwroot/stcatherine/111 DSCN2287.jpg
2011.03.16 13:25 B F:\SREEKANTH\Manick sir\le consal bountiful\web\stcatherine\111\DSCN2207s.jpg --> ftp.leconsalbountifultrust.org /wwwroot/stcatherine/111 DSCN2207s.jpg
2011.03.16 13:25 B F:\SREEKANTH\Manick sir\le consal bountiful\web\stcatherine\111\DSCN2207.jpg --> ftp.leconsalbountifultrust.org /wwwroot/stcatherine/111 DSCN2207.jpg
2011.03.16 13:25 B F:\SREEKANTH\Manick sir\le consal bountiful\web\stcatherine\111\DSCN2161s.jpg --> ftp.leconsalbountifultrust.org /wwwroot/stcatherine/111 DSCN2161s.jpg
2011.03.16 13:25 B F:\SREEKANTH\Manick sir\le consal bountiful\web\stcatherine\111\DSCN2161.jpg --> ftp.leconsalbountifultrust.org /wwwroot/stcatherine/111 DSCN2161.jpg
2011.03.16 13:26 B F:\SREEKANTH\Manick sir\le consal bountiful\web\stcatherine\111\DSCN2118s.jpg --> ftp.leconsalbountifultrust.org /wwwroot/stcatherine/111 DSCN2118s.jpg
2011.03.16 13:26 B F:\SREEKANTH\Manick sir\le consal bountiful\web\stcatherine\111\DSCN2118.jpg --> ftp.leconsalbountifultrust.org /wwwroot/stcatherine/111 DSCN2118.jpg
2011.03.16 13:26 B F:\SREEKANTH\Manick sir\le consal bountiful\web\stcatherine\111\DSCF4402s.jpg --> ftp.leconsalbountifultrust.org /wwwroot/stcatherine/111 DSCF4402s.jpg
2011.03.16 13:26 B F:\SREEKANTH\Manick sir\le consal bountiful\web\stcatherine\111\DSCF4402.jpg --> ftp.leconsalbountifultrust.org /wwwroot/stcatherine/111 DSCF4402.jpg
2011.03.16 13:26 B F:\SREEKANTH\Manick sir\le consal bountiful\web\stcatherine\111\DSCF3394s.jpg --> ftp.leconsalbountifultrust.org /wwwroot/stcatherine/111 DSCF3394s.jpg
2011.03.16 13:26 B F:\SREEKANTH\Manick sir\le consal bountiful\web\stcatherine\111\DSCF3394.jpg --> ftp.leconsalbountifultrust.org /wwwroot/stcatherine/111 DSCF3394.jpg
2011.03.16 13:26 B F:\SREEKANTH\Manick sir\le consal bountiful\web\stcatherine\111\DSCF3381s.jpg --> ftp.leconsalbountifultrust.org /wwwroot/stcatherine/111 DSCF3381s.jpg
2011.03.16 13:26 B F:\SREEKANTH\Manick sir\le consal bountiful\web\stcatherine\111\DSCF3381.jpg --> ftp.leconsalbountifultrust.org /wwwroot/stcatherine/111 DSCF3381.jpg
2011.03.16 13:26 B F:\SREEKANTH\Manick sir\le consal bountiful\web\stcatherine\111\DSCF3370s.jpg --> ftp.leconsalbountifultrust.org /wwwroot/stcatherine/111 DSCF3370s.jpg
2011.03.16 13:26 B F:\SREEKANTH\Manick sir\le consal bountiful\web\stcatherine\111\DSCF3370.jpg --> ftp.leconsalbountifultrust.org /wwwroot/stcatherine/111 DSCF3370.jpg
2011.03.16 13:26 B F:\SREEKANTH\Manick sir\le consal bountiful\web\stcatherine\111\DSCF3350s.jpg --> ftp.leconsalbountifultrust.org /wwwroot/stcatherine/111 DSCF3350s.jpg
2011.03.16 13:26 B F:\SREEKANTH\Manick sir\le consal bountiful\web\stcatherine\111\DSCF3350.jpg --> ftp.leconsalbountifultrust.org /wwwroot/stcatherine/111 DSCF3350.jpg
2011.03.16 13:26 B F:\SREEKANTH\Manick sir\le consal bountiful\web\stcatherine\111\DSCF3329s.jpg --> ftp.leconsalbountifultrust.org /wwwroot/stcatherine/111 DSCF3329s.jpg
2011.03.16 13:26 B F:\SREEKANTH\Manick sir\le consal bountiful\web\stcatherine\111\DSCF3329.jpg --> ftp.leconsalbountifultrust.org /wwwroot/stcatherine/111 DSCF3329.jpg
2011.03.16 13:26 B F:\SREEKANTH\Manick sir\le consal bountiful\web\stcatherine\111\DSC_0113s.jpg --> ftp.leconsalbountifultrust.org /wwwroot/stcatherine/111 DSC_0113s.jpg
2011.03.16 13:26 B F:\SREEKANTH\Manick sir\le consal bountiful\web\stcatherine\111\DSC_0113.jpg --> ftp.leconsalbountifultrust.org /wwwroot/stcatherine/111 DSC_0113.jpg
2011.03.16 13:26 B F:\SREEKANTH\Manick sir\le consal bountiful\web\stcatherine\111\24s.jpg --> ftp.leconsalbountifultrust.org /wwwroot/stcatherine/111 24s.jpg
2011.03.16 13:26 B F:\SREEKANTH\Manick sir\le consal bountiful\web\stcatherine\111\24.jpg --> ftp.leconsalbountifultrust.org /wwwroot/stcatherine/111 24.jpg
2011.03.16 13:26 B F:\SREEKANTH\Manick sir\le consal bountiful\web\stcatherine\111\16s.jpg --> ftp.leconsalbountifultrust.org /wwwroot/stcatherine/111 16s.jpg
2011.03.16 13:26 B F:\SREEKANTH\Manick sir\le consal bountiful\web\stcatherine\111\16.jpg --> ftp.leconsalbountifultrust.org /wwwroot/stcatherine/111 16.jpg
2011.03.16 18:31 B F:\SREEKANTH\Manick sir\le consal bountiful\web\stcatherine\111\Picture.coolpix-472s.jpg --> ftp.leconsalbountifultrust.org /wwwroot/stcatherine/111 Picture.coolpix-472s.jpg
2011.03.16 18:31 B F:\SREEKANTH\Manick sir\le consal bountiful\web\stcatherine\111\Picture.coolpix-472.jpg --> ftp.leconsalbountifultrust.org /wwwroot/stcatherine/111 Picture.coolpix-472.jpg
2011.03.16 18:31 B F:\SREEKANTH\Manick sir\le consal bountiful\web\stcatherine\111\P40s.jpg --> ftp.leconsalbountifultrust.org /wwwroot/stcatherine/111 P40s.jpg
2011.03.16 18:31 B F:\SREEKANTH\Manick sir\le consal bountiful\web\stcatherine\111\P40.jpg --> ftp.leconsalbountifultrust.org /wwwroot/stcatherine/111 P40.jpg
2011.03.16 18:31 B F:\SREEKANTH\Manick sir\le consal bountiful\web\stcatherine\111\P38s.jpg --> ftp.leconsalbountifultrust.org /wwwroot/stcatherine/111 P38s.jpg
2011.03.16 18:31 B F:\SREEKANTH\Manick sir\le consal bountiful\web\stcatherine\111\P38.jpg --> ftp.leconsalbountifultrust.org /wwwroot/stcatherine/111 P38.jpg
2011.03.16 18:31 B F:\SREEKANTH\Manick sir\le consal bountiful\web\stcatherine\111\P30s.jpg --> ftp.leconsalbountifultrust.org /wwwroot/stcatherine/111 P30s.jpg
2011.03.16 18:31 B F:\SREEKANTH\Manick sir\le consal bountiful\web\stcatherine\111\P30.jpg --> ftp.leconsalbountifultrust.org /wwwroot/stcatherine/111 P30.jpg
2011.03.16 18:31 B F:\SREEKANTH\Manick sir\le consal bountiful\web\stcatherine\111\P28s.jpg --> ftp.leconsalbountifultrust.org /wwwroot/stcatherine/111 P28s.jpg
2011.03.16 18:31 B F:\SREEKANTH\Manick sir\le consal bountiful\web\stcatherine\111\P28.jpg --> ftp.leconsalbountifultrust.org /wwwroot/stcatherine/111 P28.jpg
2011.03.16 18:31 B F:\SREEKANTH\Manick sir\le consal bountiful\web\stcatherine\111\P22s.jpg --> ftp.leconsalbountifultrust.org /wwwroot/stcatherine/111 P22s.jpg
2011.03.16 18:31 B F:\SREEKANTH\Manick sir\le consal bountiful\web\stcatherine\111\P22.jpg --> ftp.leconsalbountifultrust.org /wwwroot/stcatherine/111 P22.jpg
2011.03.16 18:31 B F:\SREEKANTH\Manick sir\le consal bountiful\web\stcatherine\111\P20s.jpg --> ftp.leconsalbountifultrust.org /wwwroot/stcatherine/111 P20s.jpg
2011.03.16 18:31 B F:\SREEKANTH\Manick sir\le consal bountiful\web\stcatherine\111\P20.jpg --> ftp.leconsalbountifultrust.org /wwwroot/stcatherine/111 P20.jpg
2011.03.16 18:31 B F:\SREEKANTH\Manick sir\le consal bountiful\web\stcatherine\111\P7s.jpg --> ftp.leconsalbountifultrust.org /wwwroot/stcatherine/111 P7s.jpg
2011.03.16 18:31 B F:\SREEKANTH\Manick sir\le consal bountiful\web\stcatherine\111\P7.jpg --> ftp.leconsalbountifultrust.org /wwwroot/stcatherine/111 P7.jpg
2011.03.16 18:31 B F:\SREEKANTH\Manick sir\le consal bountiful\web\stcatherine\111\IMG_5762s.jpg --> ftp.leconsalbountifultrust.org /wwwroot/stcatherine/111 IMG_5762s.jpg
2011.03.16 18:31 B F:\SREEKANTH\Manick sir\le consal bountiful\web\stcatherine\111\IMG_5762.jpg --> ftp.leconsalbountifultrust.org /wwwroot/stcatherine/111 IMG_5762.jpg
2011.03.16 18:31 B F:\SREEKANTH\Manick sir\le consal bountiful\web\stcatherine\111\IMG_5719s.jpg --> ftp.leconsalbountifultrust.org /wwwroot/stcatherine/111 IMG_5719s.jpg
2011.03.16 18:31 B F:\SREEKANTH\Manick sir\le consal bountiful\web\stcatherine\111\IMG_5719.jpg --> ftp.leconsalbountifultrust.org /wwwroot/stcatherine/111 IMG_5719.jpg
2011.03.16 18:31 B F:\SREEKANTH\Manick sir\le consal bountiful\web\stcatherine\111\IMG_5718s.jpg --> ftp.leconsalbountifultrust.org /wwwroot/stcatherine/111 IMG_5718s.jpg
2011.03.16 18:31 B F:\SREEKANTH\Manick sir\le consal bountiful\web\stcatherine\111\IMG_5718.jpg --> ftp.leconsalbountifultrust.org /wwwroot/stcatherine/111 IMG_5718.jpg
2011.03.16 18:31 B F:\SREEKANTH\Manick sir\le consal bountiful\web\stcatherine\111\DSCN2949s.jpg --> ftp.leconsalbountifultrust.org /wwwroot/stcatherine/111 DSCN2949s.jpg
2011.03.16 18:31 B F:\SREEKANTH\Manick sir\le consal bountiful\web\stcatherine\111\DSCN2949.jpg --> ftp.leconsalbountifultrust.org /wwwroot/stcatherine/111 DSCN2949.jpg
2011.03.16 18:32 B F:\SREEKANTH\Manick sir\le consal bountiful\web\stcatherine\111\DSCN2882s.jpg --> ftp.leconsalbountifultrust.org /wwwroot/stcatherine/111 DSCN2882s.jpg
2011.03.16 18:32 B F:\SREEKANTH\Manick sir\le consal bountiful\web\stcatherine\111\DSCN2882.jpg --> ftp.leconsalbountifultrust.org /wwwroot/stcatherine/111 DSCN2882.jpg
2011.03.16 18:32 B F:\SREEKANTH\Manick sir\le consal bountiful\web\stcatherine\111\DSCN2821s.jpg --> ftp.leconsalbountifultrust.org /wwwroot/stcatherine/111 DSCN2821s.jpg
2011.03.16 18:32 B F:\SREEKANTH\Manick sir\le consal bountiful\web\stcatherine\111\DSCN2821.jpg --> ftp.leconsalbountifultrust.org /wwwroot/stcatherine/111 DSCN2821.jpg
2011.03.16 18:32 B F:\SREEKANTH\Manick sir\le consal bountiful\web\stcatherine\111\DSCN2546s.jpg --> ftp.leconsalbountifultrust.org /wwwroot/stcatherine/111 DSCN2546s.jpg
2011.03.16 18:32 B F:\SREEKANTH\Manick sir\le consal bountiful\web\stcatherine\111\DSCN2546.jpg --> ftp.leconsalbountifultrust.org /wwwroot/stcatherine/111 DSCN2546.jpg
2011.03.16 18:32 B F:\SREEKANTH\Manick sir\le consal bountiful\web\stcatherine\111\DSCN2370s.jpg --> ftp.leconsalbountifultrust.org /wwwroot/stcatherine/111 DSCN2370s.jpg
2011.03.16 18:32 B F:\SREEKANTH\Manick sir\le consal bountiful\web\stcatherine\111\DSCN2370.jpg --> ftp.leconsalbountifultrust.org /wwwroot/stcatherine/111 DSCN2370.jpg
2011.03.16 18:32 B F:\SREEKANTH\Manick sir\le consal bountiful\web\stcatherine\111\DSCN2287s.jpg --> ftp.leconsalbountifultrust.org /wwwroot/stcatherine/111 DSCN2287s.jpg
2011.03.16 18:32 B F:\SREEKANTH\Manick sir\le consal bountiful\web\stcatherine\111\DSCN2287.jpg --> ftp.leconsalbountifultrust.org /wwwroot/stcatherine/111 DSCN2287.jpg
2011.03.16 18:32 B F:\SREEKANTH\Manick sir\le consal bountiful\web\stcatherine\111\DSCN2207s.jpg --> ftp.leconsalbountifultrust.org /wwwroot/stcatherine/111 DSCN2207s.jpg
2011.03.16 18:32 B F:\SREEKANTH\Manick sir\le consal bountiful\web\stcatherine\111\DSCN2207.jpg --> ftp.leconsalbountifultrust.org /wwwroot/stcatherine/111 DSCN2207.jpg
2011.03.16 18:32 B F:\SREEKANTH\Manick sir\le consal bountiful\web\stcatherine\111\DSCN2161s.jpg --> ftp.leconsalbountifultrust.org /wwwroot/stcatherine/111 DSCN2161s.jpg
2011.03.16 18:32 B F:\SREEKANTH\Manick sir\le consal bountiful\web\stcatherine\111\DSCN2161.jpg --> ftp.leconsalbountifultrust.org /wwwroot/stcatherine/111 DSCN2161.jpg
2011.03.16 18:32 B F:\SREEKANTH\Manick sir\le consal bountiful\web\stcatherine\111\DSCN2118s.jpg --> ftp.leconsalbountifultrust.org /wwwroot/stcatherine/111 DSCN2118s.jpg
2011.03.16 18:32 B F:\SREEKANTH\Manick sir\le consal bountiful\web\stcatherine\111\DSCN2118.jpg --> ftp.leconsalbountifultrust.org /wwwroot/stcatherine/111 DSCN2118.jpg
2011.03.16 18:32 B F:\SREEKANTH\Manick sir\le consal bountiful\web\stcatherine\111\DSCF4402s.jpg --> ftp.leconsalbountifultrust.org /wwwroot/stcatherine/111 DSCF4402s.jpg
2011.03.16 18:32 B F:\SREEKANTH\Manick sir\le consal bountiful\web\stcatherine\111\DSCF4402.jpg --> ftp.leconsalbountifultrust.org /wwwroot/stcatherine/111 DSCF4402.jpg
2011.03.16 18:32 B F:\SREEKANTH\Manick sir\le consal bountiful\web\stcatherine\111\DSCF3394s.jpg --> ftp.leconsalbountifultrust.org /wwwroot/stcatherine/111 DSCF3394s.jpg
2011.03.16 18:32 B F:\SREEKANTH\Manick sir\le consal bountiful\web\stcatherine\111\DSCF3394.jpg --> ftp.leconsalbountifultrust.org /wwwroot/stcatherine/111 DSCF3394.jpg
2011.03.16 18:32 B F:\SREEKANTH\Manick sir\le consal bountiful\web\stcatherine\111\DSCF3381s.jpg --> ftp.leconsalbountifultrust.org /wwwroot/stcatherine/111 DSCF3381s.jpg
2011.03.16 18:32 B F:\SREEKANTH\Manick sir\le consal bountiful\web\stcatherine\111\DSCF3381.jpg --> ftp.leconsalbountifultrust.org /wwwroot/stcatherine/111 DSCF3381.jpg
2011.03.16 18:32 B F:\SREEKANTH\Manick sir\le consal bountiful\web\stcatherine\111\DSCF3370s.jpg --> ftp.leconsalbountifultrust.org /wwwroot/stcatherine/111 DSCF3370s.jpg
2011.03.16 18:32 B F:\SREEKANTH\Manick sir\le consal bountiful\web\stcatherine\111\DSCF3370.jpg --> ftp.leconsalbountifultrust.org /wwwroot/stcatherine/111 DSCF3370.jpg
2011.03.16 18:32 B F:\SREEKANTH\Manick sir\le consal bountiful\web\stcatherine\111\DSCF3350s.jpg --> ftp.leconsalbountifultrust.org /wwwroot/stcatherine/111 DSCF3350s.jpg
2011.03.16 18:32 B F:\SREEKANTH\Manick sir\le consal bountiful\web\stcatherine\111\DSCF3350.jpg --> ftp.leconsalbountifultrust.org /wwwroot/stcatherine/111 DSCF3350.jpg
2011.03.16 18:33 B F:\SREEKANTH\Manick sir\le consal bountiful\web\stcatherine\111\DSCF3329s.jpg --> ftp.leconsalbountifultrust.org /wwwroot/stcatherine/111 DSCF3329s.jpg
2011.03.16 18:33 B F:\SREEKANTH\Manick sir\le consal bountiful\web\stcatherine\111\DSCF3329.jpg --> ftp.leconsalbountifultrust.org /wwwroot/stcatherine/111 DSCF3329.jpg
2011.03.16 18:33 B F:\SREEKANTH\Manick sir\le consal bountiful\web\stcatherine\111\DSC_0113s.jpg --> ftp.leconsalbountifultrust.org /wwwroot/stcatherine/111 DSC_0113s.jpg
2011.03.16 18:33 B F:\SREEKANTH\Manick sir\le consal bountiful\web\stcatherine\111\DSC_0113.jpg --> ftp.leconsalbountifultrust.org /wwwroot/stcatherine/111 DSC_0113.jpg
2011.03.16 18:33 B F:\SREEKANTH\Manick sir\le consal bountiful\web\stcatherine\111\24s.jpg --> ftp.leconsalbountifultrust.org /wwwroot/stcatherine/111 24s.jpg
2011.03.16 18:33 B F:\SREEKANTH\Manick sir\le consal bountiful\web\stcatherine\111\24.jpg --> ftp.leconsalbountifultrust.org /wwwroot/stcatherine/111 24.jpg
2011.03.16 18:33 B F:\SREEKANTH\Manick sir\le consal bountiful\web\stcatherine\111\16s.jpg --> ftp.leconsalbountifultrust.org /wwwroot/stcatherine/111 16s.jpg
2011.03.16 18:33 B F:\SREEKANTH\Manick sir\le consal bountiful\web\stcatherine\111\16.jpg --> ftp.leconsalbountifultrust.org /wwwroot/stcatherine/111 16.jpg
2011.07.20 13:27 B E:\Websites-Online\Leconsal bountiful-online\stcatherine\111\terrase.jpg --> 203.117.178.8 /wwwroot/stcatherine/images terrase.jpg
2011.07.20 13:27 B E:\Websites-Online\Leconsal bountiful-online\stcatherine\111\food-dist.jpg --> 203.117.178.8 /wwwroot/stcatherine/images food-dist.jpg
2011.07.20 13:27 B E:\Websites-Online\Leconsal bountiful-online\stcatherine\111\kitchen.jpg --> 203.117.178.8 /wwwroot/stcatherine/images kitchen.jpg
2011.07.20 13:27 B E:\Websites-Online\Leconsal bountiful-online\stcatherine\111\forignervist.jpg --> 203.117.178.8 /wwwroot/stcatherine/images forignervist.jpg
2011.07.20 13:27 B E:\Websites-Online\Leconsal bountiful-online\stcatherine\111\drama.jpg --> 203.117.178.8 /wwwroot/stcatherine/images drama.jpg
2011.07.20 13:27 B E:\Websites-Online\Leconsal bountiful-online\stcatherine\111\dance.jpg --> 203.117.178.8 /wwwroot/stcatherine/images dance.jpg
2011.07.20 13:27 B E:\Websites-Online\Leconsal bountiful-online\stcatherine\111\labedu1.jpg --> 203.117.178.8 /wwwroot/stcatherine/images labedu1.jpg
2011.07.20 13:27 B E:\Websites-Online\Leconsal bountiful-online\stcatherine\111\labedu.jpg --> 203.117.178.8 /wwwroot/stcatherine/images labedu.jpg
2011.07.20 13:27 B E:\Websites-Online\Leconsal bountiful-online\stcatherine\111\tour1.jpg --> 203.117.178.8 /wwwroot/stcatherine/images tour1.jpg
2011.07.20 13:27 B E:\Websites-Online\Leconsal bountiful-online\stcatherine\111\tour.jpg --> 203.117.178.8 /wwwroot/stcatherine/images tour.jpg
2011.07.20 13:27 B E:\Websites-Online\Leconsal bountiful-online\stcatherine\111\aidsawarness.jpg --> 203.117.178.8 /wwwroot/stcatherine/images aidsawarness.jpg
