[10-Sep-2020 09:17:07 Asia/Calcutta] PHP Warning:  Use of undefined constant UserRole - assumed 'UserRole' (this will throw an Error in a future version of PHP) in /home/astrafx/public_html/app/dashboard.php on line 12
[10-Sep-2020 09:17:07 Asia/Calcutta] PHP Warning:  Use of undefined constant UserRole - assumed 'UserRole' (this will throw an Error in a future version of PHP) in /home/astrafx/public_html/app/dashboard.php on line 364
[10-Sep-2020 09:17:07 Asia/Calcutta] PHP Warning:  include_once(includes/UserRole/leftmenu.php): failed to open stream: No such file or directory in /home/astrafx/public_html/app/dashboard.php on line 364
[10-Sep-2020 09:17:07 Asia/Calcutta] PHP Warning:  include_once(): Failed opening 'includes/UserRole/leftmenu.php' for inclusion (include_path='.:/opt/cpanel/ea-php73/root/usr/share/pear') in /home/astrafx/public_html/app/dashboard.php on line 364
[10-Sep-2020 09:17:07 Asia/Calcutta] PHP Warning:  Use of undefined constant UserRole - assumed 'UserRole' (this will throw an Error in a future version of PHP) in /home/astrafx/public_html/app/dashboard.php on line 376
[10-Sep-2020 09:17:07 Asia/Calcutta] PHP Warning:  include_once(includes/UserRole/dashboard.php): failed to open stream: No such file or directory in /home/astrafx/public_html/app/dashboard.php on line 376
[10-Sep-2020 09:17:07 Asia/Calcutta] PHP Warning:  include_once(): Failed opening 'includes/UserRole/dashboard.php' for inclusion (include_path='.:/opt/cpanel/ea-php73/root/usr/share/pear') in /home/astrafx/public_html/app/dashboard.php on line 376
[10-Sep-2020 12:02:32 Asia/Calcutta] PHP Warning:  Use of undefined constant UserRole - assumed 'UserRole' (this will throw an Error in a future version of PHP) in /home/astrafx/public_html/app/dashboard.php on line 12
[10-Sep-2020 12:02:32 Asia/Calcutta] PHP Warning:  Use of undefined constant UserRole - assumed 'UserRole' (this will throw an Error in a future version of PHP) in /home/astrafx/public_html/app/dashboard.php on line 364
[10-Sep-2020 12:02:32 Asia/Calcutta] PHP Warning:  include_once(includes/UserRole/leftmenu.php): failed to open stream: No such file or directory in /home/astrafx/public_html/app/dashboard.php on line 364
[10-Sep-2020 12:02:32 Asia/Calcutta] PHP Warning:  include_once(): Failed opening 'includes/UserRole/leftmenu.php' for inclusion (include_path='.:/opt/cpanel/ea-php73/root/usr/share/pear') in /home/astrafx/public_html/app/dashboard.php on line 364
[10-Sep-2020 12:02:32 Asia/Calcutta] PHP Warning:  Use of undefined constant UserRole - assumed 'UserRole' (this will throw an Error in a future version of PHP) in /home/astrafx/public_html/app/dashboard.php on line 374
[10-Sep-2020 12:02:32 Asia/Calcutta] PHP Warning:  include_once(includes/UserRole/Members/GenealogyTree.php): failed to open stream: No such file or directory in /home/astrafx/public_html/app/dashboard.php on line 374
[10-Sep-2020 12:02:32 Asia/Calcutta] PHP Warning:  include_once(): Failed opening 'includes/UserRole/Members/GenealogyTree.php' for inclusion (include_path='.:/opt/cpanel/ea-php73/root/usr/share/pear') in /home/astrafx/public_html/app/dashboard.php on line 374
[10-Sep-2020 12:03:25 Asia/Calcutta] PHP Warning:  Use of undefined constant UserRole - assumed 'UserRole' (this will throw an Error in a future version of PHP) in /home/astrafx/public_html/app/dashboard.php on line 12
[10-Sep-2020 12:03:25 Asia/Calcutta] PHP Warning:  Use of undefined constant UserRole - assumed 'UserRole' (this will throw an Error in a future version of PHP) in /home/astrafx/public_html/app/dashboard.php on line 364
[10-Sep-2020 12:03:25 Asia/Calcutta] PHP Warning:  include_once(includes/UserRole/leftmenu.php): failed to open stream: No such file or directory in /home/astrafx/public_html/app/dashboard.php on line 364
[10-Sep-2020 12:03:25 Asia/Calcutta] PHP Warning:  include_once(): Failed opening 'includes/UserRole/leftmenu.php' for inclusion (include_path='.:/opt/cpanel/ea-php73/root/usr/share/pear') in /home/astrafx/public_html/app/dashboard.php on line 364
[10-Sep-2020 12:03:25 Asia/Calcutta] PHP Warning:  Use of undefined constant UserRole - assumed 'UserRole' (this will throw an Error in a future version of PHP) in /home/astrafx/public_html/app/dashboard.php on line 374
[10-Sep-2020 12:03:25 Asia/Calcutta] PHP Warning:  include_once(includes/UserRole/Members/GenealogyTree.php): failed to open stream: No such file or directory in /home/astrafx/public_html/app/dashboard.php on line 374
[10-Sep-2020 12:03:25 Asia/Calcutta] PHP Warning:  include_once(): Failed opening 'includes/UserRole/Members/GenealogyTree.php' for inclusion (include_path='.:/opt/cpanel/ea-php73/root/usr/share/pear') in /home/astrafx/public_html/app/dashboard.php on line 374
