2011.01.28 18:12 B \\Horizon1\f\SREEKANTH\Manick sir\Le Royal Group\web\images\aston.jpg --> ftp.horizon-solution.com /Leroyal/images aston.jpg
2011.01.28 18:12 B \\Horizon1\f\SREEKANTH\Manick sir\Le Royal Group\web\images\buton.jpg --> ftp.horizon-solution.com /Leroyal/images buton.jpg
2011.01.28 18:12 B \\Horizon1\f\SREEKANTH\Manick sir\Le Royal Group\web\images\button.jpg --> ftp.horizon-solution.com /Leroyal/images button.jpg
2011.01.28 18:12 B \\Horizon1\f\SREEKANTH\Manick sir\Le Royal Group\web\images\tab-left-active.gif --> ftp.horizon-solution.com /Leroyal/images tab-left-active.gif
2011.01.28 18:12 B \\Horizon1\f\SREEKANTH\Manick sir\Le Royal Group\web\images\tab-left.gif --> ftp.horizon-solution.com /Leroyal/images tab-left.gif
2011.01.28 18:12 B \\Horizon1\f\SREEKANTH\Manick sir\Le Royal Group\web\images\tab-right.gif --> ftp.horizon-solution.com /Leroyal/images tab-right.gif
2011.01.28 18:13 B \\Horizon1\f\SREEKANTH\Manick sir\Le Royal Group\web\images\Thumbs.db --> ftp.horizon-solution.com /Leroyal/images Thumbs.db
2011.01.28 18:13 B \\Horizon1\f\SREEKANTH\Manick sir\Le Royal Group\web\images\topbutton.jpg --> ftp.horizon-solution.com /Leroyal/images topbutton.jpg
2011.01.31 11:48 B \\Horizon1\f\SREEKANTH\Manick sir\Le Royal Group\webold\images\but4.jpg --> ftp.horizon-solution.com /Leroyal/images but4.jpg
2011.01.31 11:48 B \\Horizon1\f\SREEKANTH\Manick sir\Le Royal Group\webold\images\but3.jpg --> ftp.horizon-solution.com /Leroyal/images but3.jpg
2011.01.31 11:48 B \\Horizon1\f\SREEKANTH\Manick sir\Le Royal Group\webold\images\but2.jpg --> ftp.horizon-solution.com /Leroyal/images but2.jpg
2011.01.31 11:48 B \\Horizon1\f\SREEKANTH\Manick sir\Le Royal Group\webold\images\img4.jpg --> ftp.horizon-solution.com /Leroyal/images img4.jpg
2011.01.31 11:48 B \\Horizon1\f\SREEKANTH\Manick sir\Le Royal Group\webold\images\img3.jpg --> ftp.horizon-solution.com /Leroyal/images img3.jpg
2011.01.31 11:48 B \\Horizon1\f\SREEKANTH\Manick sir\Le Royal Group\webold\images\but1.jpg --> ftp.horizon-solution.com /Leroyal/images but1.jpg
2011.01.31 11:48 B \\Horizon1\f\SREEKANTH\Manick sir\Le Royal Group\webold\images\img2.jpg --> ftp.horizon-solution.com /Leroyal/images img2.jpg
2011.01.31 11:48 B \\Horizon1\f\SREEKANTH\Manick sir\Le Royal Group\webold\images\img1.jpg --> ftp.horizon-solution.com /Leroyal/images img1.jpg
2011.01.31 11:48 B \\Horizon1\f\SREEKANTH\Manick sir\Le Royal Group\webold\images\rollover.jpg --> ftp.horizon-solution.com /Leroyal/images rollover.jpg
2011.01.31 11:48 B \\Horizon1\f\SREEKANTH\Manick sir\Le Royal Group\webold\images\roll.jpg --> ftp.horizon-solution.com /Leroyal/images roll.jpg
2011.03.16 18:55 B F:\SREEKANTH\Manick sir\Le Royal Group\webold\images\aston.jpg --> ftp.leconsalbountifultrust.org /wwwroot/leroyal/images aston.jpg
2011.03.16 18:55 B F:\SREEKANTH\Manick sir\Le Royal Group\webold\images\but1.jpg --> ftp.leconsalbountifultrust.org /wwwroot/leroyal/images but1.jpg
2011.03.16 18:55 B F:\SREEKANTH\Manick sir\Le Royal Group\webold\images\but2.jpg --> ftp.leconsalbountifultrust.org /wwwroot/leroyal/images but2.jpg
2011.03.16 18:55 B F:\SREEKANTH\Manick sir\Le Royal Group\webold\images\but3.jpg --> ftp.leconsalbountifultrust.org /wwwroot/leroyal/images but3.jpg
2011.03.16 18:55 B F:\SREEKANTH\Manick sir\Le Royal Group\webold\images\but4.jpg --> ftp.leconsalbountifultrust.org /wwwroot/leroyal/images but4.jpg
2011.03.16 18:55 B F:\SREEKANTH\Manick sir\Le Royal Group\webold\images\buton.jpg --> ftp.leconsalbountifultrust.org /wwwroot/leroyal/images buton.jpg
2011.03.16 18:55 B F:\SREEKANTH\Manick sir\Le Royal Group\webold\images\button.jpg --> ftp.leconsalbountifultrust.org /wwwroot/leroyal/images button.jpg
2011.03.16 18:55 B F:\SREEKANTH\Manick sir\Le Royal Group\webold\images\img1.jpg --> ftp.leconsalbountifultrust.org /wwwroot/leroyal/images img1.jpg
2011.03.16 18:55 B F:\SREEKANTH\Manick sir\Le Royal Group\webold\images\img2.jpg --> ftp.leconsalbountifultrust.org /wwwroot/leroyal/images img2.jpg
2011.03.16 18:55 B F:\SREEKANTH\Manick sir\Le Royal Group\webold\images\img22.jpg --> ftp.leconsalbountifultrust.org /wwwroot/leroyal/images img22.jpg
2011.03.16 18:55 B F:\SREEKANTH\Manick sir\Le Royal Group\webold\images\img3.jpg --> ftp.leconsalbountifultrust.org /wwwroot/leroyal/images img3.jpg
2011.03.16 18:55 B F:\SREEKANTH\Manick sir\Le Royal Group\webold\images\img4.jpg --> ftp.leconsalbountifultrust.org /wwwroot/leroyal/images img4.jpg
2011.03.16 18:55 B F:\SREEKANTH\Manick sir\Le Royal Group\webold\images\img42.jpg --> ftp.leconsalbountifultrust.org /wwwroot/leroyal/images img42.jpg
2011.03.16 18:55 B F:\SREEKANTH\Manick sir\Le Royal Group\webold\images\roll.jpg --> ftp.leconsalbountifultrust.org /wwwroot/leroyal/images roll.jpg
2011.03.16 18:55 B F:\SREEKANTH\Manick sir\Le Royal Group\webold\images\rollover.jpg --> ftp.leconsalbountifultrust.org /wwwroot/leroyal/images rollover.jpg
2011.03.16 18:55 B F:\SREEKANTH\Manick sir\Le Royal Group\webold\images\tab-left-active.gif --> ftp.leconsalbountifultrust.org /wwwroot/leroyal/images tab-left-active.gif
2011.03.16 18:55 B F:\SREEKANTH\Manick sir\Le Royal Group\webold\images\tab-left.gif --> ftp.leconsalbountifultrust.org /wwwroot/leroyal/images tab-left.gif
2011.03.16 18:55 B F:\SREEKANTH\Manick sir\Le Royal Group\webold\images\tab-right.gif --> ftp.leconsalbountifultrust.org /wwwroot/leroyal/images tab-right.gif
2011.03.16 18:55 B F:\SREEKANTH\Manick sir\Le Royal Group\webold\images\Thumbs.db --> ftp.leconsalbountifultrust.org /wwwroot/leroyal/images Thumbs.db
2011.03.16 18:55 B F:\SREEKANTH\Manick sir\Le Royal Group\webold\images\topbutton.jpg --> ftp.leconsalbountifultrust.org /wwwroot/leroyal/images topbutton.jpg
